<?xml version="1.0" encoding="UTF-8"?>
<beans xmlns="http://www.springframework.org/schema/beans"
    xmlns:xsi="http://www.w3.org/2001/XMLSchema-instance"
    xmlns:context="http://www.springframework.org/schema/context"
    xmlns:util="http://www.springframework.org/schema/util"
    xsi:schemaLocation="http://www.springframework.org/schema/beans
           http://www.springframework.org/schema/beans/spring-beans-2.5.xsd
           http://www.springframework.org/schema/context
           http://www.springframework.org/schema/context/spring-context-2.5.xsd
           http://www.springframework.org/schema/util 
           http://www.springframework.org/schema/util/spring-util-3.0.xsd">

    <context:annotation-config /> <!-- allows us to use spring annotations in beans -->

    <bean class="org.dspace.content.integration.crosswalks.ReferCrosswalk" id="referCrosswalkVirtualFieldDate">
		<property name="templateFileName" value="crosswalks/template/virtual-field-date-json.template"/>
		<property name="mimeType" value="application/json; charset=UTF-8"/>
		<property name="fileName" value="test.json"/>
		<property name="entityType" value="Publication"/>
		<property name="crosswalkMode" value="#{T(org.dspace.content.crosswalk.CrosswalkMode).SINGLE}"/>
		<property name="converter" ref="jsonValueConverter" />
		<property name="linesPostProcessor" ref="jsonPostProcessor" />
	</bean>

    <bean class="org.dspace.content.integration.crosswalks.ReferCrosswalk" id="referCrosswalkVirtualFieldVocabulary">
		<property name="templateFileName" value="crosswalks/template/virtual-field-vocabulary-json.template"/>
		<property name="mimeType" value="application/json; charset=UTF-8"/>
		<property name="fileName" value="test.json"/>
		<property name="entityType" value="Publication"/>
		<property name="crosswalkMode" value="#{T(org.dspace.content.crosswalk.CrosswalkMode).SINGLE}"/>
		<property name="converter" ref="jsonValueConverter" />
		<property name="linesPostProcessor" ref="jsonPostProcessor" />
	</bean>

 </beans>
